<?xml version="1.0" encoding="UTF-8"?>
<!-- Generated by org.testng.reporters.JUnitReportReporter -->
<testsuite hostname="IQTLAPTOP-186" failures="0" tests="5" name="com.quantela.testscripts.UI.LanguageChange.LanguageForgotPasswordTest" time="28.207" errors="0" timestamp="2022-06-03T16:59:02 IST" skipped="0">
  <testcase classname="com.quantela.testscripts.UI.LanguageChange.LanguageForgotPasswordTest" name="forgotPasswordLinkClick" time="8.344"/>
  <system-out/>
  <testcase classname="com.quantela.testscripts.UI.LanguageChange.LanguageForgotPasswordTest" name="langaugedropdownDisplayForgotPassword" time="3.089"/>
  <system-out/>
  <testcase classname="com.quantela.testscripts.UI.LanguageChange.LanguageForgotPasswordTest" name="languageDropdownEnableForgotPassword" time="0.032"/>
  <system-out/>
  <testcase classname="com.quantela.testscripts.UI.LanguageChange.LanguageForgotPasswordTest" name="languageChangeForgotPassword" time="8.607"/>
  <system-out/>
  <testcase classname="com.quantela.testscripts.UI.LanguageChange.LanguageForgotPasswordTest" name="labelCheckForgotPassword" time="8.135"/>
  <system-out/>
</testsuite> <!-- com.quantela.testscripts.UI.LanguageChange.LanguageForgotPasswordTest -->
