<?xml version="1.0" encoding="UTF-8"?>
<!-- Generated by org.testng.reporters.JUnitReportReporter -->
<testsuite hostname="IQTLAPTOP-186" failures="0" tests="1" name="com.quantela.testscripts.UI.LanguageChange.LanguageSignInTest" time="16.270" errors="0" timestamp="2022-05-10T14:24:01 IST" skipped="0">
  <testcase classname="com.quantela.testscripts.UI.LanguageChange.LanguageSignInTest" name="langaugedropdownDisplayLogin" time="16.270"/>
  <system-out/>
</testsuite> <!-- com.quantela.testscripts.UI.LanguageChange.LanguageSignInTest -->
