<?xml version="1.0" encoding="UTF-8"?>
<!-- Generated by org.testng.reporters.JUnitReportReporter -->
<testsuite hostname="IQTLAPTOP-186" failures="0" tests="5" name="com.quantela.testscripts.UI.LanguageChange.LanguageLogInTest" time="124.228" errors="0" timestamp="2022-06-03T16:59:02 IST" skipped="0">
  <testcase classname="com.quantela.testscripts.UI.LanguageChange.LanguageLogInTest" name="tenantActiveLanguages" time="104.770"/>
  <system-out/>
  <testcase classname="com.quantela.testscripts.UI.LanguageChange.LanguageLogInTest" name="langaugedropdownDisplayLogin" time="5.126"/>
  <system-out/>
  <testcase classname="com.quantela.testscripts.UI.LanguageChange.LanguageLogInTest" name="languageDropdownEnableLogin" time="0.034"/>
  <system-out/>
  <testcase classname="com.quantela.testscripts.UI.LanguageChange.LanguageLogInTest" name="languageChangeLogin" time="9.235"/>
  <system-out/>
  <testcase classname="com.quantela.testscripts.UI.LanguageChange.LanguageLogInTest" name="labelCheckLogin" time="5.063"/>
  <system-out/>
</testsuite> <!-- com.quantela.testscripts.UI.LanguageChange.LanguageLogInTest -->
