<?xml version="1.0" encoding="UTF-8"?>
<!-- Generated by org.testng.reporters.JUnitReportReporter -->
<testsuite hostname="IQTLAPTOP-186" failures="0" tests="5" name="com.quantela.testscripts.UI.LanguageChange.LanguageUserOnBoardTest" time="30.861" errors="0" timestamp="2022-06-03T16:59:02 IST" skipped="0">
  <testcase classname="com.quantela.testscripts.UI.LanguageChange.LanguageUserOnBoardTest" name="applicationSignIn" time="6.983"/>
  <system-out/>
  <testcase classname="com.quantela.testscripts.UI.LanguageChange.LanguageUserOnBoardTest" name="langaugedropdownDisplayHomePage" time="8.988"/>
  <system-out/>
  <testcase classname="com.quantela.testscripts.UI.LanguageChange.LanguageUserOnBoardTest" name="languageDropdownEnableHomePage" time="0.035"/>
  <system-out/>
  <testcase classname="com.quantela.testscripts.UI.LanguageChange.LanguageUserOnBoardTest" name="languageChangeHomePage" time="6.755"/>
  <system-out/>
  <testcase classname="com.quantela.testscripts.UI.LanguageChange.LanguageUserOnBoardTest" name="labelCheckHomePage" time="8.100"/>
  <system-out/>
</testsuite> <!-- com.quantela.testscripts.UI.LanguageChange.LanguageUserOnBoardTest -->
