<?xml version="1.0" encoding="UTF-8"?>
<!-- Generated by org.testng.reporters.JUnitReportReporter -->
<testsuite hostname="IQTLAPTOP-186" failures="0" tests="1" name="com.quantela.testscripts.UI.LanguageChange.LanguagePublicDashboard" time="115.805" errors="0" timestamp="2022-05-23T10:43:51 IST" skipped="0">
  <testcase classname="com.quantela.testscripts.UI.LanguageChange.LanguagePublicDashboard" name="dashboardCreation" time="115.805"/>
  <system-out/>
</testsuite> <!-- com.quantela.testscripts.UI.LanguageChange.LanguagePublicDashboard -->
