<?xml version="1.0" encoding="UTF-8"?>
<!-- Generated by org.testng.reporters.JUnitReportReporter -->
<testsuite hostname="IQTLAPTOP-186" failures="0" tests="7" name="com.quantela.testscripts.UI.LanguageChange.LanguagePublicDashboardTest" time="96.587" errors="0" timestamp="2022-06-03T16:59:02 IST" skipped="0">
  <testcase classname="com.quantela.testscripts.UI.LanguageChange.LanguagePublicDashboardTest" name="dashboardCreation" time="12.352"/>
  <system-out/>
  <testcase classname="com.quantela.testscripts.UI.LanguageChange.LanguagePublicDashboardTest" name="publicDashboardNavigation" time="61.996"/>
  <system-out/>
  <testcase classname="com.quantela.testscripts.UI.LanguageChange.LanguagePublicDashboardTest" name="langaugedropdownDisplayPublic" time="3.100"/>
  <system-out/>
  <testcase classname="com.quantela.testscripts.UI.LanguageChange.LanguagePublicDashboardTest" name="languageDropdownEnablePublic" time="0.062"/>
  <system-out/>
  <testcase classname="com.quantela.testscripts.UI.LanguageChange.LanguagePublicDashboardTest" name="languageChangePublic" time="5.636"/>
  <system-out/>
  <testcase classname="com.quantela.testscripts.UI.LanguageChange.LanguagePublicDashboardTest" name="labelCheckPublic" time="8.143"/>
  <system-out/>
  <testcase classname="com.quantela.testscripts.UI.LanguageChange.LanguagePublicDashboardTest" name="browserclose" time="5.298"/>
  <system-out/>
</testsuite> <!-- com.quantela.testscripts.UI.LanguageChange.LanguagePublicDashboardTest -->
